<?xml version="1.0" encoding="UTF-8"?>
<!-- Generated by org.testng.reporters.JUnitReportReporter -->
<testsuite skipped="0" hostname="Niko" name="com.pluralsight.UnitTest" tests="1" failures="0" timestamp="2021-06-07T14:23:31 CDT" time="1.964" errors="0">
  <testcase name="DemoEebsiteToPractice" time="1.964" classname="com.pluralsight.UnitTest"/>
  <system-out/>
</testsuite> <!-- com.pluralsight.UnitTest -->
